  barrel.cpp
  bomb.cpp
  boss.cpp
  box.cpp
  bullet.cpp
  camera.cpp
  carriage.cpp
  collision.cpp
  debugproc.cpp
  dungeon.cpp
  enemy.cpp
  enemybullet.cpp
  fade.cpp
  fence.cpp
  game.cpp
  house.cpp
  hpbar.cpp
  input.cpp
  light.cpp
  main.cpp
  コードを生成中...
  コンパイル中...
  meshfield.cpp
  meshwall.cpp
  model.cpp
  particle.cpp
  player.cpp
  renderer.cpp
  result.cpp
  score.cpp
  shadow.cpp
  sky.cpp
  sound.cpp
  spbar.cpp
  speartrap.cpp
  sprite.cpp
  stall.cpp
  title.cpp
  tool.cpp
  tree.cpp
  tutorial.cpp
  ui.cpp
  コードを生成中...
  sample.vcxproj -> C:\Users\ths31031\Documents\GitHub\CODE\x64\Debug\sample.exe
