c:\users\ths31031\documents\github\code\x64\debug\vc142.pdb
c:\users\ths31031\documents\github\code\x64\debug\vc142.idb
c:\users\ths31031\documents\github\code\x64\debug\main.obj
c:\users\ths31031\documents\github\code\x64\debug\light.obj
c:\users\ths31031\documents\github\code\x64\debug\input.obj
c:\users\ths31031\documents\github\code\x64\debug\hpbar.obj
c:\users\ths31031\documents\github\code\x64\debug\house.obj
c:\users\ths31031\documents\github\code\x64\debug\game.obj
c:\users\ths31031\documents\github\code\x64\debug\fence.obj
c:\users\ths31031\documents\github\code\x64\debug\fade.obj
c:\users\ths31031\documents\github\code\x64\debug\enemybullet.obj
c:\users\ths31031\documents\github\code\x64\debug\enemy.obj
c:\users\ths31031\documents\github\code\x64\debug\dungeon.obj
c:\users\ths31031\documents\github\code\x64\debug\debugproc.obj
c:\users\ths31031\documents\github\code\x64\debug\collision.obj
c:\users\ths31031\documents\github\code\x64\debug\carriage.obj
c:\users\ths31031\documents\github\code\x64\debug\camera.obj
c:\users\ths31031\documents\github\code\x64\debug\bullet.obj
c:\users\ths31031\documents\github\code\x64\debug\box.obj
c:\users\ths31031\documents\github\code\x64\debug\boss.obj
c:\users\ths31031\documents\github\code\x64\debug\bomb.obj
c:\users\ths31031\documents\github\code\x64\debug\barrel.obj
c:\users\ths31031\documents\github\code\x64\debug\ui.obj
c:\users\ths31031\documents\github\code\x64\debug\tutorial.obj
c:\users\ths31031\documents\github\code\x64\debug\tree.obj
c:\users\ths31031\documents\github\code\x64\debug\tool.obj
c:\users\ths31031\documents\github\code\x64\debug\title.obj
c:\users\ths31031\documents\github\code\x64\debug\stall.obj
c:\users\ths31031\documents\github\code\x64\debug\sprite.obj
c:\users\ths31031\documents\github\code\x64\debug\speartrap.obj
c:\users\ths31031\documents\github\code\x64\debug\spbar.obj
c:\users\ths31031\documents\github\code\x64\debug\sound.obj
c:\users\ths31031\documents\github\code\x64\debug\sky.obj
c:\users\ths31031\documents\github\code\x64\debug\shadow.obj
c:\users\ths31031\documents\github\code\x64\debug\score.obj
c:\users\ths31031\documents\github\code\x64\debug\result.obj
c:\users\ths31031\documents\github\code\x64\debug\renderer.obj
c:\users\ths31031\documents\github\code\x64\debug\player.obj
c:\users\ths31031\documents\github\code\x64\debug\particle.obj
c:\users\ths31031\documents\github\code\x64\debug\model.obj
c:\users\ths31031\documents\github\code\x64\debug\meshwall.obj
c:\users\ths31031\documents\github\code\x64\debug\meshfield.obj
c:\users\ths31031\documents\github\code\x64\debug\sample.exe
c:\users\ths31031\documents\github\code\x64\debug\sample.ilk
c:\users\ths31031\documents\github\code\x64\debug\sample.pdb
c:\users\ths31031\documents\github\code\x64\debug\sample.tlog\cl.command.1.tlog
c:\users\ths31031\documents\github\code\x64\debug\sample.tlog\cl.read.1.tlog
c:\users\ths31031\documents\github\code\x64\debug\sample.tlog\cl.write.1.tlog
c:\users\ths31031\documents\github\code\x64\debug\sample.tlog\link.command.1.tlog
c:\users\ths31031\documents\github\code\x64\debug\sample.tlog\link.read.1.tlog
c:\users\ths31031\documents\github\code\x64\debug\sample.tlog\link.write.1.tlog
